(---------------------------------------------------------------------)
(                                                                     )
(    Allegro Netrev Import Logic                                      )
(                                                                     )
(    Drawing          : DataCollection.brd                            )
(    Software Version : 16.6-2015S066                                 )
(    Date/Time        : Tue Apr 11 12:27:26 2017                      )
(                                                                     )
(---------------------------------------------------------------------)


------ Directives ------------

Ripup etch:                  No
Ripup delete first segment:  No
Ripup retain bondwire:       No
Ripup symbols:               Always
Missing symbol has error:    No
DRC update:                  Yes
Schematic directory:         'F:/计量采集模块部分/Ven1.0/Sch/allegro'
Design Directory:            '.'
Old design name:             'F:/计量采集模块部分/Ven1.0/Pcb/DataCollection.brd'
New design name:             'F:/计量采集模块部分/Ven1.0/Pcb/DataCollection.brd'

CmdLine: netrev -$ -i F:/计量采集模块部分/Ven1.0/Sch/allegro -y 1 -q netrev_constraint_report.xml F:/计量采集模块部分/Ven1.0/Pcb/#Taaaaab11576.tmp

------ Preparing to read pst files ------

Starting to read F:/计量采集模块部分/Ven1.0/Sch/allegro/pstchip.dat 
   Finished reading F:/计量采集模块部分/Ven1.0/Sch/allegro/pstchip.dat (00:00:00.11)
Starting to read F:/计量采集模块部分/Ven1.0/Sch/allegro/pstxprt.dat 
   Finished reading F:/计量采集模块部分/Ven1.0/Sch/allegro/pstxprt.dat (00:00:00.00)
Starting to read F:/计量采集模块部分/Ven1.0/Sch/allegro/pstxnet.dat 
   Finished reading F:/计量采集模块部分/Ven1.0/Sch/allegro/pstxnet.dat (00:00:00.00)

------ Oversights/Warnings/Errors ------


------ Library Paths ------
MODULEPATH =  . 
           D:/Cadence/Cadence_SPB_16.6-2015/share/local/pcb/modules 

PSMPATH =  F:/CADENCE LIB/cadence-lib-new/PSM/ 

PADPATH =  F:/CADENCE LIB/cadence-lib-new/PAD/ 


------ Summary Statistics ------


netrev run on Apr 11 12:27:26 2017
   DESIGN NAME : 'DATACOLLECTION'
   PACKAGING ON Feb 15 2016 19:53:59

   COMPILE 'logic'
   CHECK_PIN_NAMES OFF
   CROSS_REFERENCE OFF
   FEEDBACK OFF
   INCREMENTAL OFF
   INTERFACE_TYPE PHYSICAL
   MAX_ERRORS 500
   MERGE_MINIMUM 5
   NET_NAME_CHARS '#%&()*+-./:=>?@[]^_`|'
   NET_NAME_LENGTH 24
   OVERSIGHTS ON
   REPLACE_CHECK OFF
   SINGLE_NODE_NETS ON
   SPLIT_MINIMUM 0
   SUPPRESS   20
   WARNINGS ON

 No error detected
 No oversight detected
 No warning detected

cpu time      0:02:04
elapsed time  0:00:01

